<?xml version="1.0" encoding="UTF-8"?>
<testng-results skipped="0" failed="0" total="1" passed="1">
  <reporter-output>
  </reporter-output>
  <suite name="Default suite" duration-ms="262" started-at="2013-10-06T05:41:59Z" finished-at="2013-10-06T05:42:00Z">
    <groups>
    </groups>
    <test name="Default test" duration-ms="262" started-at="2013-10-06T05:41:59Z" finished-at="2013-10-06T05:42:00Z">
      <class name="org.open.utils.db.JdbcSqlDataProviderTest">
        <test-method status="PASS" signature="testExecuteSelectingQuery()[pri:0, instance:org.open.utils.db.JdbcSqlDataProviderTest@681e2ca7]" name="testExecuteSelectingQuery" duration-ms="252" started-at="2013-10-05T22:41:59Z" finished-at="2013-10-05T22:42:00Z">
          <reporter-output>
          </reporter-output>
        </test-method> <!-- testExecuteSelectingQuery -->
      </class> <!-- org.open.utils.db.JdbcSqlDataProviderTest -->
    </test> <!-- Default test -->
  </suite> <!-- Default suite -->
</testng-results>
